[2020-11-08 17:43:57]  INFO listening for requests on port: :80
[2020-11-08 17:43:59] ERROR sql: expected 1 destination arguments in Scan, not 3
[2020-11-08 17:44:24]  INFO listening for requests on port: :80
[2020-11-08 17:44:26] ERROR <nil>
[2020-11-08 17:44:38]  INFO listening for requests on port: :80
[2020-11-08 17:44:40] ERROR &{d24ebd64-21c2-11eb-9b27-0242ac150002 misha $2a$08$8ErQ.55zFPsfGnkUeE26OuhvzmKbZ9hCN/u9V85EZlo/cPOkHU6Va}
[2020-11-08 17:48:31]  INFO listening for requests on port: :80
[2020-11-08 17:48:39] ERROR &{d24ebd64-21c2-11eb-9b27-0242ac150002 misha $2a$08$8ErQ.55zFPsfGnkUeE26OuhvzmKbZ9hCN/u9V85EZlo/cPOkHU6Va}
[2020-11-08 18:22:45]  INFO listening for requests on port: :80
[2020-11-08 18:22:48] ERROR &{d24ebd64-21c2-11eb-9b27-0242ac150002 misha $2a$08$8ErQ.55zFPsfGnkUeE26OuhvzmKbZ9hCN/u9V85EZlo/cPOkHU6Va}
[2020-11-08 18:57:49]  INFO listening for requests on port: :80
[2020-11-08 18:58:22]  INFO listening for requests on port: :80
[2020-11-08 18:58:25] ERROR &{d24ebd64-21c2-11eb-9b27-0242ac150002 misha $2a$08$8ErQ.55zFPsfGnkUeE26OuhvzmKbZ9hCN/u9V85EZlo/cPOkHU6Va}
[2020-11-08 19:07:34]  INFO listening for requests on port: :80
[2020-11-08 19:47:21]  INFO listening for requests on port: :80
[2020-11-08 19:47:55]  INFO listening for requests on port: :80
[2020-11-08 19:48:05] ERROR &{d24ebd64-21c2-11eb-9b27-0242ac150002 misha $2a$08$8ErQ.55zFPsfGnkUeE26OuhvzmKbZ9hCN/u9V85EZlo/cPOkHU6Va}
[2020-11-08 19:48:20] ERROR d24ebd64-21c2-11eb-9b27-0242ac150002
[2020-11-08 19:50:00] ERROR &{d24ebd64-21c2-11eb-9b27-0242ac150002 misha $2a$08$8ErQ.55zFPsfGnkUeE26OuhvzmKbZ9hCN/u9V85EZlo/cPOkHU6Va}
[2020-11-08 19:50:54] ERROR d24ebd64-21c2-11eb-9b27-0242ac150002
[2020-11-08 20:03:45]  INFO listening for requests on port: :80
[2020-11-08 20:04:02] ERROR &{d24ebd64-21c2-11eb-9b27-0242ac150002 misha $2a$08$8ErQ.55zFPsfGnkUeE26OuhvzmKbZ9hCN/u9V85EZlo/cPOkHU6Va}
[2020-11-08 20:04:09] ERROR d24ebd64-21c2-11eb-9b27-0242ac150002
[2020-11-08 20:11:23]  INFO listening for requests on port: :80
[2020-11-08 20:11:30] ERROR &{d24ebd64-21c2-11eb-9b27-0242ac150002 misha $2a$08$8ErQ.55zFPsfGnkUeE26OuhvzmKbZ9hCN/u9V85EZlo/cPOkHU6Va}
[2020-11-08 20:11:40] ERROR d24ebd64-21c2-11eb-9b27-0242ac150002
[2020-11-08 20:13:34]  INFO listening for requests on port: :80
[2020-11-08 20:13:40] ERROR &{d24ebd64-21c2-11eb-9b27-0242ac150002 misha $2a$08$8ErQ.55zFPsfGnkUeE26OuhvzmKbZ9hCN/u9V85EZlo/cPOkHU6Va}
[2020-11-08 20:13:49] ERROR d24ebd64-21c2-11eb-9b27-0242ac150002
[2020-11-08 20:34:10]  INFO listening for requests on port: :80
[2020-11-08 20:34:26] ERROR &{d24ebd64-21c2-11eb-9b27-0242ac150002 misha $2a$08$8ErQ.55zFPsfGnkUeE26OuhvzmKbZ9hCN/u9V85EZlo/cPOkHU6Va}
[2020-11-08 20:35:53]  INFO listening for requests on port: :80
[2020-11-08 20:36:05] ERROR &{d24ebd64-21c2-11eb-9b27-0242ac150002 misha $2a$08$8ErQ.55zFPsfGnkUeE26OuhvzmKbZ9hCN/u9V85EZlo/cPOkHU6Va}
[2020-11-08 20:36:14] ERROR d24ebd64-21c2-11eb-9b27-0242ac150002
[2020-11-08 20:36:29] ERROR d24ebd64-21c2-11eb-9b27-0242ac150002
[2020-11-08 20:36:31] ERROR d24ebd64-21c2-11eb-9b27-0242ac150002
[2020-11-08 20:36:32] ERROR d24ebd64-21c2-11eb-9b27-0242ac150002
[2020-11-08 20:36:33] ERROR d24ebd64-21c2-11eb-9b27-0242ac150002
[2020-11-08 20:36:33] ERROR d24ebd64-21c2-11eb-9b27-0242ac150002
[2020-11-08 20:36:34] ERROR d24ebd64-21c2-11eb-9b27-0242ac150002
[2020-11-08 20:36:34] ERROR d24ebd64-21c2-11eb-9b27-0242ac150002
[2020-11-08 20:36:35] ERROR d24ebd64-21c2-11eb-9b27-0242ac150002
[2020-11-08 20:36:43] ERROR d24ebd64-21c2-11eb-9b27-0242ac150002
[2020-11-08 20:36:44] ERROR d24ebd64-21c2-11eb-9b27-0242ac150002
[2020-11-08 20:36:45] ERROR d24ebd64-21c2-11eb-9b27-0242ac150002
[2020-11-08 20:36:46] ERROR d24ebd64-21c2-11eb-9b27-0242ac150002
[2020-11-08 20:37:29]  INFO listening for requests on port: :80
[2020-11-08 20:37:34]  INFO listening for requests on port: :80
[2020-11-08 20:37:41] ERROR &{d24ebd64-21c2-11eb-9b27-0242ac150002 misha $2a$08$8ErQ.55zFPsfGnkUeE26OuhvzmKbZ9hCN/u9V85EZlo/cPOkHU6Va}
[2020-11-08 20:37:50] ERROR d24ebd64-21c2-11eb-9b27-0242ac150002
[2020-11-08 20:59:07]  INFO listening for requests on port: :80
[2020-11-08 21:00:47] ERROR &{d24ebd64-21c2-11eb-9b27-0242ac150002 misha $2a$08$8ErQ.55zFPsfGnkUeE26OuhvzmKbZ9hCN/u9V85EZlo/cPOkHU6Va}
[2020-11-08 21:01:08]  INFO listening for requests on port: :80
[2020-11-08 21:01:13] ERROR &{d24ebd64-21c2-11eb-9b27-0242ac150002 misha $2a$08$8ErQ.55zFPsfGnkUeE26OuhvzmKbZ9hCN/u9V85EZlo/cPOkHU6Va}
[2020-11-08 21:04:24]  INFO listening for requests on port: :80
[2020-11-08 21:08:32] ERROR &{d24ebd64-21c2-11eb-9b27-0242ac150002 misha $2a$08$8ErQ.55zFPsfGnkUeE26OuhvzmKbZ9hCN/u9V85EZlo/cPOkHU6Va}
[2020-11-08 21:08:50] ERROR d24ebd64-21c2-11eb-9b27-0242ac150002
[2020-11-08 21:45:22]  INFO listening for requests on port: :80
[2020-11-08 21:47:45]  INFO listening for requests on port: :80
[2020-11-08 21:54:24]  INFO listening for requests on port: :80
[2020-11-08 22:50:22]  INFO listening for requests on port: :80
[2020-11-08 22:50:36] ERROR &{d24ebd64-21c2-11eb-9b27-0242ac150002 misha $2a$08$8ErQ.55zFPsfGnkUeE26OuhvzmKbZ9hCN/u9V85EZlo/cPOkHU6Va}
[2020-11-08 22:50:45] ERROR d24ebd64-21c2-11eb-9b27-0242ac150002
